[32m2023-02-15 13:01:31.201[0;39m [WARN] org.springframework.boot.autoconfigure.orm.jpa.JpaBaseConfiguration$JpaWebConfiguration [main] spring.jpa.open-in-view is enabled by default. Therefore, database queries may be performed during view rendering. Explicitly configure spring.jpa.open-in-view to disable this warning
[32m2023-02-15 13:01:43.595[0;39m [WARN] ru.intervale.smev.service.impl.InfoResponseServiceImpl [http-nio-8085-exec-1] main 34
[32m2023-02-15 13:01:43.598[0;39m [WARN] ru.intervale.smev.utils.Worker [pool-1-thread-1] Worker in progress..
[32m2023-02-15 13:01:43.604[0;39m [DEBUG] ru.intervale.smev.utils.Worker [pool-1-thread-1] Information request: InformationRequest(id=1, vehicleCertificate=123456)
[32m2023-02-15 13:01:43.605[0;39m [DEBUG] ru.intervale.smev.utils.Worker [pool-1-thread-1] Workerpool-1-thread-1
[32m2023-02-15 13:01:43.721[0;39m [DEBUG] ru.intervale.smev.utils.Worker [pool-1-thread-1] InformationRequest in call method is: InformationRequest(id=1, vehicleCertificate=123456)
[32m2023-02-15 13:01:43.736[0;39m [WARN] ru.intervale.smev.utils.Worker [pool-1-thread-1] Worker stopped!
[32m2023-02-15 13:02:07.380[0;39m [WARN] ru.intervale.smev.service.impl.InfoResponseServiceImpl [http-nio-8085-exec-3] main 36
[32m2023-02-15 13:02:07.380[0;39m [WARN] ru.intervale.smev.utils.Worker [pool-2-thread-1] Worker in progress..
[32m2023-02-15 13:02:07.380[0;39m [DEBUG] ru.intervale.smev.utils.Worker [pool-2-thread-1] Information request: InformationRequest(id=2, vehicleCertificate=123456)
[32m2023-02-15 13:02:07.380[0;39m [DEBUG] ru.intervale.smev.utils.Worker [pool-2-thread-1] Workerpool-2-thread-1
[32m2023-02-15 13:02:07.382[0;39m [DEBUG] ru.intervale.smev.utils.Worker [pool-2-thread-1] InformationRequest in call method is: InformationRequest(id=2, vehicleCertificate=123456)
[32m2023-02-15 13:02:07.384[0;39m [WARN] ru.intervale.smev.utils.Worker [pool-2-thread-1] Worker stopped!
[32m2023-02-15 13:02:10.265[0;39m [WARN] ru.intervale.smev.service.impl.InfoResponseServiceImpl [http-nio-8085-exec-4] main 37
[32m2023-02-15 13:02:10.265[0;39m [WARN] ru.intervale.smev.utils.Worker [pool-3-thread-1] Worker in progress..
[32m2023-02-15 13:02:10.265[0;39m [DEBUG] ru.intervale.smev.utils.Worker [pool-3-thread-1] Information request: InformationRequest(id=3, vehicleCertificate=123456)
[32m2023-02-15 13:02:10.265[0;39m [DEBUG] ru.intervale.smev.utils.Worker [pool-3-thread-1] Workerpool-3-thread-1
[32m2023-02-15 13:02:10.266[0;39m [DEBUG] ru.intervale.smev.utils.Worker [pool-3-thread-1] InformationRequest in call method is: InformationRequest(id=3, vehicleCertificate=123456)
[32m2023-02-15 13:02:10.268[0;39m [WARN] ru.intervale.smev.utils.Worker [pool-3-thread-1] Worker stopped!
[32m2023-02-15 13:02:12.854[0;39m [WARN] ru.intervale.smev.service.impl.InfoResponseServiceImpl [http-nio-8085-exec-5] main 38
[32m2023-02-15 13:02:12.854[0;39m [WARN] ru.intervale.smev.utils.Worker [pool-4-thread-1] Worker in progress..
[32m2023-02-15 13:02:12.854[0;39m [DEBUG] ru.intervale.smev.utils.Worker [pool-4-thread-1] Information request: InformationRequest(id=4, vehicleCertificate=123456)
[32m2023-02-15 13:02:12.854[0;39m [DEBUG] ru.intervale.smev.utils.Worker [pool-4-thread-1] Workerpool-4-thread-1
[32m2023-02-15 13:02:12.856[0;39m [DEBUG] ru.intervale.smev.utils.Worker [pool-4-thread-1] InformationRequest in call method is: InformationRequest(id=4, vehicleCertificate=123456)
[32m2023-02-15 13:02:12.858[0;39m [WARN] ru.intervale.smev.utils.Worker [pool-4-thread-1] Worker stopped!
[32m2023-02-15 14:55:33.829[0;39m [WARN] ru.intervale.smev.service.impl.InfoResponseServiceImpl [http-nio-8085-exec-8] main 41
[32m2023-02-15 14:55:33.831[0;39m [WARN] ru.intervale.smev.utils.Worker [pool-5-thread-1] Worker in progress..
[32m2023-02-15 14:55:33.831[0;39m [DEBUG] ru.intervale.smev.utils.Worker [pool-5-thread-1] Information request: InformationRequest(id=5, vehicleCertificate=123456)
[32m2023-02-15 14:55:33.831[0;39m [DEBUG] ru.intervale.smev.utils.Worker [pool-5-thread-1] Workerpool-5-thread-1
[32m2023-02-15 14:55:33.836[0;39m [DEBUG] ru.intervale.smev.utils.Worker [pool-5-thread-1] InformationRequest in call method is: InformationRequest(id=5, vehicleCertificate=123456)
[32m2023-02-15 14:55:33.844[0;39m [WARN] ru.intervale.smev.utils.Worker [pool-5-thread-1] Worker stopped!
[32m2023-02-15 16:11:05.758[0;39m [WARN] org.springframework.boot.autoconfigure.orm.jpa.JpaBaseConfiguration$JpaWebConfiguration [main] spring.jpa.open-in-view is enabled by default. Therefore, database queries may be performed during view rendering. Explicitly configure spring.jpa.open-in-view to disable this warning
[32m2023-02-15 16:11:10.478[0;39m [WARN] ru.intervale.smev.service.impl.InfoResponseServiceImpl [http-nio-8085-exec-1] main 34
[32m2023-02-15 16:11:10.478[0;39m [WARN] ru.intervale.smev.utils.Worker [pool-1-thread-1] Worker in progress..
[32m2023-02-15 16:11:10.478[0;39m [DEBUG] ru.intervale.smev.utils.Worker [pool-1-thread-1] Information request: InformationRequest(id=1, vehicleCertificate=123456)
[32m2023-02-15 16:11:10.478[0;39m [DEBUG] ru.intervale.smev.utils.Worker [pool-1-thread-1] Workerpool-1-thread-1
[32m2023-02-15 16:11:10.588[0;39m [DEBUG] ru.intervale.smev.utils.Worker [pool-1-thread-1] InformationRequest in call method is: InformationRequest(id=1, vehicleCertificate=123456)
[32m2023-02-15 16:11:10.598[0;39m [WARN] ru.intervale.smev.utils.Worker [pool-1-thread-1] Worker stopped!
[32m2023-02-15 16:25:10.425[0;39m [WARN] org.springframework.boot.autoconfigure.orm.jpa.JpaBaseConfiguration$JpaWebConfiguration [main] spring.jpa.open-in-view is enabled by default. Therefore, database queries may be performed during view rendering. Explicitly configure spring.jpa.open-in-view to disable this warning
[32m2023-02-15 16:28:15.589[0;39m [WARN] org.springframework.boot.autoconfigure.orm.jpa.JpaBaseConfiguration$JpaWebConfiguration [main] spring.jpa.open-in-view is enabled by default. Therefore, database queries may be performed during view rendering. Explicitly configure spring.jpa.open-in-view to disable this warning
[32m2023-02-15 16:30:55.780[0;39m [WARN] org.springframework.boot.autoconfigure.orm.jpa.JpaBaseConfiguration$JpaWebConfiguration [main] spring.jpa.open-in-view is enabled by default. Therefore, database queries may be performed during view rendering. Explicitly configure spring.jpa.open-in-view to disable this warning
[32m2023-02-15 16:37:52.521[0;39m [WARN] ru.intervale.smev.service.impl.InfoResponseServiceImpl [http-nio-8085-exec-2] main 34
[32m2023-02-15 16:37:52.523[0;39m [WARN] ru.intervale.smev.utils.Worker [pool-1-thread-1] Worker in progress..
[32m2023-02-15 16:37:52.527[0;39m [DEBUG] ru.intervale.smev.utils.Worker [pool-1-thread-1] Information request: InformationRequest(id=1, vehicleCertificate=123456)
[32m2023-02-15 16:37:52.527[0;39m [DEBUG] ru.intervale.smev.utils.Worker [pool-1-thread-1] Workerpool-1-thread-1
[32m2023-02-15 16:37:52.606[0;39m [DEBUG] ru.intervale.smev.utils.Worker [pool-1-thread-1] InformationRequest in call method is: InformationRequest(id=1, vehicleCertificate=123456)
[32m2023-02-15 16:37:52.613[0;39m [WARN] ru.intervale.smev.utils.Worker [pool-1-thread-1] Worker stopped!
[32m2023-02-15 16:38:00.379[0;39m [WARN] org.springframework.boot.autoconfigure.orm.jpa.JpaBaseConfiguration$JpaWebConfiguration [main] spring.jpa.open-in-view is enabled by default. Therefore, database queries may be performed during view rendering. Explicitly configure spring.jpa.open-in-view to disable this warning
[32m2023-02-15 16:38:07.339[0;39m [WARN] ru.intervale.smev.service.impl.InfoResponseServiceImpl [http-nio-8085-exec-2] main 35
[32m2023-02-15 16:38:07.339[0;39m [WARN] ru.intervale.smev.utils.Worker [pool-1-thread-1] Worker in progress..
[32m2023-02-15 16:38:07.339[0;39m [DEBUG] ru.intervale.smev.utils.Worker [pool-1-thread-1] Information request: InformationRequest(id=1, vehicleCertificate=123456)
[32m2023-02-15 16:38:07.339[0;39m [DEBUG] ru.intervale.smev.utils.Worker [pool-1-thread-1] Workerpool-1-thread-1
[32m2023-02-15 16:38:07.419[0;39m [DEBUG] ru.intervale.smev.utils.Worker [pool-1-thread-1] InformationRequest in call method is: InformationRequest(id=1, vehicleCertificate=123456)
[32m2023-02-15 16:38:07.419[0;39m [WARN] ru.intervale.smev.utils.Worker [pool-1-thread-1] Worker stopped!
[32m2023-02-15 16:38:41.692[0;39m [WARN] ru.intervale.smev.service.impl.InfoResponseServiceImpl [http-nio-8085-exec-3] main 36
[32m2023-02-15 16:38:41.693[0;39m [WARN] ru.intervale.smev.utils.Worker [pool-2-thread-1] Worker in progress..
[32m2023-02-15 16:38:41.693[0;39m [DEBUG] ru.intervale.smev.utils.Worker [pool-2-thread-1] Information request: InformationRequest(id=2, vehicleCertificate=123456)
[32m2023-02-15 16:38:41.693[0;39m [DEBUG] ru.intervale.smev.utils.Worker [pool-2-thread-1] Workerpool-2-thread-1
[32m2023-02-15 16:38:41.695[0;39m [DEBUG] ru.intervale.smev.utils.Worker [pool-2-thread-1] InformationRequest in call method is: InformationRequest(id=2, vehicleCertificate=123456)
[32m2023-02-15 16:38:41.699[0;39m [WARN] ru.intervale.smev.utils.Worker [pool-2-thread-1] Worker stopped!
[32m2023-02-15 16:39:08.268[0;39m [WARN] org.springframework.boot.autoconfigure.orm.jpa.JpaBaseConfiguration$JpaWebConfiguration [main] spring.jpa.open-in-view is enabled by default. Therefore, database queries may be performed during view rendering. Explicitly configure spring.jpa.open-in-view to disable this warning
[32m2023-02-15 16:39:10.376[0;39m [WARN] ru.intervale.smev.service.impl.InfoResponseServiceImpl [http-nio-8085-exec-1] main 34
[32m2023-02-15 16:39:10.376[0;39m [WARN] ru.intervale.smev.utils.Worker [pool-1-thread-1] Worker in progress..
[32m2023-02-15 16:39:10.376[0;39m [DEBUG] ru.intervale.smev.utils.Worker [pool-1-thread-1] Information request: InformationRequest(id=1, vehicleCertificate=123456)
[32m2023-02-15 16:39:10.376[0;39m [DEBUG] ru.intervale.smev.utils.Worker [pool-1-thread-1] Workerpool-1-thread-1
[32m2023-02-15 16:39:10.456[0;39m [DEBUG] ru.intervale.smev.utils.Worker [pool-1-thread-1] InformationRequest in call method is: InformationRequest(id=1, vehicleCertificate=123456)
[32m2023-02-15 16:39:10.466[0;39m [WARN] ru.intervale.smev.utils.Worker [pool-1-thread-1] Worker stopped!
[32m2023-02-15 16:42:46.776[0;39m [WARN] ru.intervale.smev.service.impl.InfoResponseServiceImpl [http-nio-8085-exec-5] main 38
[32m2023-02-15 16:42:46.776[0;39m [WARN] ru.intervale.smev.utils.Worker [pool-2-thread-1] Worker in progress..
[32m2023-02-15 16:42:46.776[0;39m [DEBUG] ru.intervale.smev.utils.Worker [pool-2-thread-1] Information request: InformationRequest(id=2, vehicleCertificate=123456)
[32m2023-02-15 16:42:46.776[0;39m [DEBUG] ru.intervale.smev.utils.Worker [pool-2-thread-1] Workerpool-2-thread-1
[32m2023-02-15 16:42:46.776[0;39m [DEBUG] ru.intervale.smev.utils.Worker [pool-2-thread-1] InformationRequest in call method is: InformationRequest(id=2, vehicleCertificate=123456)
[32m2023-02-15 16:42:46.776[0;39m [WARN] ru.intervale.smev.utils.Worker [pool-2-thread-1] Worker stopped!
[32m2023-02-15 17:03:57.342[0;39m [WARN] org.springframework.boot.autoconfigure.orm.jpa.JpaBaseConfiguration$JpaWebConfiguration [main] spring.jpa.open-in-view is enabled by default. Therefore, database queries may be performed during view rendering. Explicitly configure spring.jpa.open-in-view to disable this warning
[32m2023-02-15 17:17:23.855[0;39m [WARN] ru.intervale.smev.service.impl.InfoResponseServiceImpl [http-nio-8085-exec-2] main 35
[32m2023-02-15 17:17:23.858[0;39m [WARN] ru.intervale.smev.utils.Worker [pool-1-thread-1] Worker in progress..
[32m2023-02-15 17:17:23.862[0;39m [DEBUG] ru.intervale.smev.utils.Worker [pool-1-thread-1] Information request: InformationRequest(id=1, vehicleCertificate=123456)
[32m2023-02-15 17:17:23.862[0;39m [DEBUG] ru.intervale.smev.utils.Worker [pool-1-thread-1] Workerpool-1-thread-1
[32m2023-02-15 17:17:23.934[0;39m [DEBUG] ru.intervale.smev.utils.Worker [pool-1-thread-1] InformationRequest in call method is: InformationRequest(id=1, vehicleCertificate=123456)
[32m2023-02-15 17:17:23.941[0;39m [WARN] ru.intervale.smev.utils.Worker [pool-1-thread-1] Worker stopped!
